Build started 8/13/2013 2:52:09 PM.
     1>Project "C:\Users\Michael\Documents\GitHub\empbssrd\openGL_code\draw_bssrdf\draw_bssrdf\draw_bssrdf.vcxproj" on node 2 (Build target(s)).
     1>ClCompile:
         C:\Program Files\Microsoft Visual Studio 11.0\VC\bin\CL.exe /c /IE:\Acads\Design\final_project\openGL_stuff\gl_env\include /ZI /nologo /W3 /WX- /Od /Oy- /D _MBCS /Gm /EHsc /RTC1 /MDd /GS /fp:precise /Zc:wchar_t /Zc:forScope /Fo"Debug\\" /Fd"Debug\vc110.pdb" /Gd /TP /analyze- /errorReport:prompt openGL1.cpp
         openGL1.cpp
     1>c:\users\michael\documents\github\empbssrd\opengl_code\draw_bssrdf\draw_bssrdf\opengl1.cpp(73): warning C4305: '-=' : truncation from 'double' to 'float'
     1>c:\users\michael\documents\github\empbssrd\opengl_code\draw_bssrdf\draw_bssrdf\opengl1.cpp(76): warning C4305: '-=' : truncation from 'double' to 'GLfloat'
     1>c:\users\michael\documents\github\empbssrd\opengl_code\draw_bssrdf\draw_bssrdf\opengl1.cpp(108): warning C4244: '=' : conversion from 'double' to 'float', possible loss of data
     1>c:\users\michael\documents\github\empbssrd\opengl_code\draw_bssrdf\draw_bssrdf\opengl1.cpp(109): warning C4244: '=' : conversion from 'double' to 'float', possible loss of data
     1>c:\users\michael\documents\github\empbssrd\opengl_code\draw_bssrdf\draw_bssrdf\opengl1.cpp(110): warning C4244: '=' : conversion from 'double' to 'float', possible loss of data
     1>c:\users\michael\documents\github\empbssrd\opengl_code\draw_bssrdf\draw_bssrdf\opengl1.cpp(198): warning C4244: 'initializing' : conversion from 'double' to 'float', possible loss of data
     1>c:\users\michael\documents\github\empbssrd\opengl_code\draw_bssrdf\draw_bssrdf\opengl1.cpp(199): warning C4244: 'initializing' : conversion from 'double' to 'float', possible loss of data
     1>c:\users\michael\documents\github\empbssrd\opengl_code\draw_bssrdf\draw_bssrdf\opengl1.cpp(200): warning C4244: 'initializing' : conversion from 'double' to 'float', possible loss of data
     1>c:\users\michael\documents\github\empbssrd\opengl_code\draw_bssrdf\draw_bssrdf\opengl1.cpp(201): warning C4244: 'initializing' : conversion from 'double' to 'float', possible loss of data
     1>c:\users\michael\documents\github\empbssrd\opengl_code\draw_bssrdf\draw_bssrdf\opengl1.cpp(207): warning C4244: 'argument' : conversion from 'double' to 'GLfloat', possible loss of data
     1>c:\users\michael\documents\github\empbssrd\opengl_code\draw_bssrdf\draw_bssrdf\opengl1.cpp(213): warning C4244: 'argument' : conversion from 'double' to 'GLfloat', possible loss of data
     1>c:\users\michael\documents\github\empbssrd\opengl_code\draw_bssrdf\draw_bssrdf\opengl1.cpp(219): warning C4244: 'argument' : conversion from 'double' to 'GLfloat', possible loss of data
     1>c:\users\michael\documents\github\empbssrd\opengl_code\draw_bssrdf\draw_bssrdf\opengl1.cpp(225): warning C4244: 'argument' : conversion from 'double' to 'GLfloat', possible loss of data
     1>c:\users\michael\documents\github\empbssrd\opengl_code\draw_bssrdf\draw_bssrdf\opengl1.cpp(265): warning C4305: 'argument' : truncation from 'double' to 'GLfloat'
     1>c:\users\michael\documents\github\empbssrd\opengl_code\draw_bssrdf\draw_bssrdf\opengl1.cpp(277): warning C4244: 'argument' : conversion from 'int' to 'GLfloat', possible loss of data
     1>c:\users\michael\documents\github\empbssrd\opengl_code\draw_bssrdf\draw_bssrdf\opengl1.cpp(279): warning C4305: 'argument' : truncation from 'double' to 'GLfloat'
     1>c:\users\michael\documents\github\empbssrd\opengl_code\draw_bssrdf\draw_bssrdf\opengl1.cpp(348): warning C4305: '-=' : truncation from 'double' to 'float'
     1>c:\users\michael\documents\github\empbssrd\opengl_code\draw_bssrdf\draw_bssrdf\opengl1.cpp(349): warning C4996: 'sprintf': This function or variable may be unsafe. Consider using sprintf_s instead. To disable deprecation, use _CRT_SECURE_NO_WARNINGS. See online help for details.
                 c:\program files\microsoft visual studio 11.0\vc\include\stdio.h(357) : see declaration of 'sprintf'
     1>c:\users\michael\documents\github\empbssrd\opengl_code\draw_bssrdf\draw_bssrdf\opengl1.cpp(353): warning C4305: '+=' : truncation from 'double' to 'float'
     1>c:\users\michael\documents\github\empbssrd\opengl_code\draw_bssrdf\draw_bssrdf\opengl1.cpp(354): warning C4996: 'sprintf': This function or variable may be unsafe. Consider using sprintf_s instead. To disable deprecation, use _CRT_SECURE_NO_WARNINGS. See online help for details.
                 c:\program files\microsoft visual studio 11.0\vc\include\stdio.h(357) : see declaration of 'sprintf'
     1>c:\users\michael\documents\github\empbssrd\opengl_code\draw_bssrdf\draw_bssrdf\opengl1.cpp(357): warning C4305: '-=' : truncation from 'double' to 'float'
     1>c:\users\michael\documents\github\empbssrd\opengl_code\draw_bssrdf\draw_bssrdf\opengl1.cpp(358): warning C4996: 'sprintf': This function or variable may be unsafe. Consider using sprintf_s instead. To disable deprecation, use _CRT_SECURE_NO_WARNINGS. See online help for details.
                 c:\program files\microsoft visual studio 11.0\vc\include\stdio.h(357) : see declaration of 'sprintf'
     1>c:\users\michael\documents\github\empbssrd\opengl_code\draw_bssrdf\draw_bssrdf\opengl1.cpp(362): warning C4305: '+=' : truncation from 'double' to 'float'
     1>c:\users\michael\documents\github\empbssrd\opengl_code\draw_bssrdf\draw_bssrdf\opengl1.cpp(363): warning C4996: 'sprintf': This function or variable may be unsafe. Consider using sprintf_s instead. To disable deprecation, use _CRT_SECURE_NO_WARNINGS. See online help for details.
                 c:\program files\microsoft visual studio 11.0\vc\include\stdio.h(357) : see declaration of 'sprintf'
     1>c:\users\michael\documents\github\empbssrd\opengl_code\draw_bssrdf\draw_bssrdf\opengl1.cpp(366): warning C4305: '-=' : truncation from 'double' to 'float'
     1>c:\users\michael\documents\github\empbssrd\opengl_code\draw_bssrdf\draw_bssrdf\opengl1.cpp(367): warning C4996: 'sprintf': This function or variable may be unsafe. Consider using sprintf_s instead. To disable deprecation, use _CRT_SECURE_NO_WARNINGS. See online help for details.
                 c:\program files\microsoft visual studio 11.0\vc\include\stdio.h(357) : see declaration of 'sprintf'
     1>c:\users\michael\documents\github\empbssrd\opengl_code\draw_bssrdf\draw_bssrdf\opengl1.cpp(371): warning C4305: '+=' : truncation from 'double' to 'float'
     1>c:\users\michael\documents\github\empbssrd\opengl_code\draw_bssrdf\draw_bssrdf\opengl1.cpp(372): warning C4996: 'sprintf': This function or variable may be unsafe. Consider using sprintf_s instead. To disable deprecation, use _CRT_SECURE_NO_WARNINGS. See online help for details.
                 c:\program files\microsoft visual studio 11.0\vc\include\stdio.h(357) : see declaration of 'sprintf'
     1>c:\users\michael\documents\github\empbssrd\opengl_code\draw_bssrdf\draw_bssrdf\opengl1.cpp(378): warning C4305: '-=' : truncation from 'double' to 'float'
     1>c:\users\michael\documents\github\empbssrd\opengl_code\draw_bssrdf\draw_bssrdf\opengl1.cpp(380): warning C4996: 'sprintf': This function or variable may be unsafe. Consider using sprintf_s instead. To disable deprecation, use _CRT_SECURE_NO_WARNINGS. See online help for details.
                 c:\program files\microsoft visual studio 11.0\vc\include\stdio.h(357) : see declaration of 'sprintf'
     1>c:\users\michael\documents\github\empbssrd\opengl_code\draw_bssrdf\draw_bssrdf\opengl1.cpp(387): warning C4305: '+=' : truncation from 'double' to 'float'
     1>c:\users\michael\documents\github\empbssrd\opengl_code\draw_bssrdf\draw_bssrdf\opengl1.cpp(388): warning C4996: 'sprintf': This function or variable may be unsafe. Consider using sprintf_s instead. To disable deprecation, use _CRT_SECURE_NO_WARNINGS. See online help for details.
                 c:\program files\microsoft visual studio 11.0\vc\include\stdio.h(357) : see declaration of 'sprintf'
     1>c:\users\michael\documents\github\empbssrd\opengl_code\draw_bssrdf\draw_bssrdf\opengl1.cpp(394): warning C4305: '-=' : truncation from 'double' to 'float'
     1>c:\users\michael\documents\github\empbssrd\opengl_code\draw_bssrdf\draw_bssrdf\opengl1.cpp(396): warning C4996: 'sprintf': This function or variable may be unsafe. Consider using sprintf_s instead. To disable deprecation, use _CRT_SECURE_NO_WARNINGS. See online help for details.
                 c:\program files\microsoft visual studio 11.0\vc\include\stdio.h(357) : see declaration of 'sprintf'
     1>c:\users\michael\documents\github\empbssrd\opengl_code\draw_bssrdf\draw_bssrdf\opengl1.cpp(403): warning C4305: '+=' : truncation from 'double' to 'float'
     1>c:\users\michael\documents\github\empbssrd\opengl_code\draw_bssrdf\draw_bssrdf\opengl1.cpp(405): warning C4996: 'sprintf': This function or variable may be unsafe. Consider using sprintf_s instead. To disable deprecation, use _CRT_SECURE_NO_WARNINGS. See online help for details.
                 c:\program files\microsoft visual studio 11.0\vc\include\stdio.h(357) : see declaration of 'sprintf'
     1>c:\users\michael\documents\github\empbssrd\opengl_code\draw_bssrdf\draw_bssrdf\opengl1.cpp(409): warning C4305: '-=' : truncation from 'double' to 'float'
     1>c:\users\michael\documents\github\empbssrd\opengl_code\draw_bssrdf\draw_bssrdf\opengl1.cpp(410): warning C4996: 'sprintf': This function or variable may be unsafe. Consider using sprintf_s instead. To disable deprecation, use _CRT_SECURE_NO_WARNINGS. See online help for details.
                 c:\program files\microsoft visual studio 11.0\vc\include\stdio.h(357) : see declaration of 'sprintf'
     1>c:\users\michael\documents\github\empbssrd\opengl_code\draw_bssrdf\draw_bssrdf\opengl1.cpp(414): warning C4305: '+=' : truncation from 'double' to 'float'
     1>c:\users\michael\documents\github\empbssrd\opengl_code\draw_bssrdf\draw_bssrdf\opengl1.cpp(415): warning C4996: 'sprintf': This function or variable may be unsafe. Consider using sprintf_s instead. To disable deprecation, use _CRT_SECURE_NO_WARNINGS. See online help for details.
                 c:\program files\microsoft visual studio 11.0\vc\include\stdio.h(357) : see declaration of 'sprintf'
     1>c:\users\michael\documents\github\empbssrd\opengl_code\draw_bssrdf\draw_bssrdf\opengl1.cpp(495): warning C4305: '=' : truncation from 'double' to 'float'
     1>c:\users\michael\documents\github\empbssrd\opengl_code\draw_bssrdf\draw_bssrdf\opengl1.cpp(496): warning C4305: '=' : truncation from 'double' to 'float'
     1>c:\users\michael\documents\github\empbssrd\opengl_code\draw_bssrdf\draw_bssrdf\opengl1.cpp(497): warning C4305: '=' : truncation from 'double' to 'float'
     1>c:\users\michael\documents\github\empbssrd\opengl_code\draw_bssrdf\draw_bssrdf\opengl1.cpp(498): warning C4305: '=' : truncation from 'double' to 'float'
     1>c:\users\michael\documents\github\empbssrd\opengl_code\draw_bssrdf\draw_bssrdf\opengl1.cpp(499): warning C4305: '=' : truncation from 'double' to 'float'
     1>c:\users\michael\documents\github\empbssrd\opengl_code\draw_bssrdf\draw_bssrdf\opengl1.cpp(500): warning C4305: '=' : truncation from 'double' to 'float'
     1>c:\users\michael\documents\github\empbssrd\opengl_code\draw_bssrdf\draw_bssrdf\opengl1.cpp(502): warning C4996: 'strcpy': This function or variable may be unsafe. Consider using strcpy_s instead. To disable deprecation, use _CRT_SECURE_NO_WARNINGS. See online help for details.
                 c:\program files\microsoft visual studio 11.0\vc\include\string.h(110) : see declaration of 'strcpy'
     1>c:\users\michael\documents\github\empbssrd\opengl_code\draw_bssrdf\draw_bssrdf\opengl1.cpp(503): warning C4996: 'strcpy': This function or variable may be unsafe. Consider using strcpy_s instead. To disable deprecation, use _CRT_SECURE_NO_WARNINGS. See online help for details.
                 c:\program files\microsoft visual studio 11.0\vc\include\string.h(110) : see declaration of 'strcpy'
     1>c:\users\michael\documents\github\empbssrd\opengl_code\draw_bssrdf\draw_bssrdf\opengl1.cpp(504): warning C4996: 'strcpy': This function or variable may be unsafe. Consider using strcpy_s instead. To disable deprecation, use _CRT_SECURE_NO_WARNINGS. See online help for details.
                 c:\program files\microsoft visual studio 11.0\vc\include\string.h(110) : see declaration of 'strcpy'
     1>c:\users\michael\documents\github\empbssrd\opengl_code\draw_bssrdf\draw_bssrdf\opengl1.cpp(505): warning C4996: 'strcpy': This function or variable may be unsafe. Consider using strcpy_s instead. To disable deprecation, use _CRT_SECURE_NO_WARNINGS. See online help for details.
                 c:\program files\microsoft visual studio 11.0\vc\include\string.h(110) : see declaration of 'strcpy'
     1>c:\users\michael\documents\github\empbssrd\opengl_code\draw_bssrdf\draw_bssrdf\opengl1.cpp(506): warning C4996: 'strcpy': This function or variable may be unsafe. Consider using strcpy_s instead. To disable deprecation, use _CRT_SECURE_NO_WARNINGS. See online help for details.
                 c:\program files\microsoft visual studio 11.0\vc\include\string.h(110) : see declaration of 'strcpy'
     1>c:\users\michael\documents\github\empbssrd\opengl_code\draw_bssrdf\draw_bssrdf\opengl1.cpp(507): warning C4996: 'strcpy': This function or variable may be unsafe. Consider using strcpy_s instead. To disable deprecation, use _CRT_SECURE_NO_WARNINGS. See online help for details.
                 c:\program files\microsoft visual studio 11.0\vc\include\string.h(110) : see declaration of 'strcpy'
       Link:
         C:\Program Files\Microsoft Visual Studio 11.0\VC\bin\link.exe /ERRORREPORT:PROMPT /OUT:"C:\Users\Michael\Documents\GitHub\empbssrd\openGL_code\draw_bssrdf\Debug\draw_bssrd_2.exe" /INCREMENTAL /NOLOGO /LIBPATH:E:\Acads\Design\final_project\openGL_stuff\gl_env\lib glew32.lib freeglut.lib kernel32.lib user32.lib gdi32.lib winspool.lib comdlg32.lib advapi32.lib shell32.lib ole32.lib oleaut32.lib uuid.lib odbc32.lib odbccp32.lib /MANIFEST /MANIFESTUAC:"level='asInvoker' uiAccess='false'" /manifest:embed /DEBUG /PDB:"C:\Users\Michael\Documents\GitHub\empbssrd\openGL_code\draw_bssrdf\Debug\draw_bssrd_2.pdb" /TLBID:1 /DYNAMICBASE /NXCOMPAT /IMPLIB:"C:\Users\Michael\Documents\GitHub\empbssrd\openGL_code\draw_bssrdf\Debug\draw_bssrd_2.lib" /MACHINE:X86 Debug\openGL1.obj
         Debug\readFitFile.obj
         draw_bssrdf.vcxproj -> C:\Users\Michael\Documents\GitHub\empbssrd\openGL_code\draw_bssrdf\Debug\draw_bssrd_2.exe
     1>Done Building Project "C:\Users\Michael\Documents\GitHub\empbssrd\openGL_code\draw_bssrdf\draw_bssrdf\draw_bssrdf.vcxproj" (Build target(s)).

Build succeeded.

Time Elapsed 00:00:02.91
